C51 COMPILER V9.60.0.0   KEY                                                               12/10/2020 15:19:29 PAGE 1   


C51 COMPILER V9.60.0.0, COMPILATION OF MODULE KEY
OBJECT MODULE PLACED IN .\Objects\key.obj
COMPILER INVOKED BY: C:\Keil_v5\C51\BIN\C51.EXE key.c OPTIMIZE(8,SPEED) BROWSE DEBUG OBJECTEXTEND PRINT(.\Listings\key.l
                    -st) OBJECT(.\Objects\key.obj)

line level    source

   1          #include "key.h"
   2          #include "delay.h"
   3          
   4          unsigned char key_scan()
   5          {
   6   1              unsigned char return_value = KEY_NORMAL;
   7   1              if (0 == set_key)
   8   1              {
   9   2      //              delay_xms();
  10   2                      if(0 == set_key)
  11   2                      {
  12   3                              return_value = KEY_SET_PRESSED;
  13   3                              while(!set_key);
  14   3                      }
  15   2      
  16   2              }
  17   1              else if(0 == adj_key)
  18   1              {
  19   2      //              delay_xms();
  20   2                      if(0 == adj_key)
  21   2                      {
  22   3                              return_value = KEY_ADJ_PRESSED;
  23   3                              while(!adj_key);
  24   3                      }
  25   2                      
  26   2              }
  27   1              return return_value;
  28   1      }


MODULE INFORMATION:   STATIC OVERLAYABLE
   CODE SIZE        =     26    ----
   CONSTANT SIZE    =   ----    ----
   XDATA SIZE       =   ----    ----
   PDATA SIZE       =   ----    ----
   DATA SIZE        =   ----    ----
   IDATA SIZE       =   ----    ----
   BIT SIZE         =   ----    ----
END OF MODULE INFORMATION.


C51 COMPILATION COMPLETE.  0 WARNING(S),  0 ERROR(S)
