C51 COMPILER V9.60.0.0   SPI                                                               12/10/2020 15:19:29 PAGE 1   


C51 COMPILER V9.60.0.0, COMPILATION OF MODULE SPI
OBJECT MODULE PLACED IN .\Objects\spi.obj
COMPILER INVOKED BY: C:\Keil_v5\C51\BIN\C51.EXE spi.c OPTIMIZE(8,SPEED) BROWSE DEBUG OBJECTEXTEND PRINT(.\Listings\spi.l
                    -st) OBJECT(.\Objects\spi.obj)

line level    source

   1          #include "spi.h"
   2          
   3          //void spi_write_byte(unsigned char dat)
   4          //{
   5          //      unsigned char i;
   6          //      for(i = 0; i < 8; i++)
   7          //      {
   8          //              IO = dat & 0x01;
   9          //              dat >>= 1;
  10          //              SCLK = 1;
  11          //              SCLK = 0;               
  12          //      }
  13          //}
  14          
  15          void spi_write_byte(unsigned char dat)
  16          {
  17   1      //      unsigned char i = 5;
  18   1              IO = dat & 0x01;
  19   1      //      while(i--);
  20   1              dat >>= 1;
  21   1              SCLK = 1;
  22   1              SCLK = 0;
  23   1              
  24   1              IO = dat & 0x01;
  25   1              dat >>= 1;
  26   1              SCLK = 1;
  27   1              SCLK = 0;
  28   1              
  29   1              IO = dat & 0x01;
  30   1              dat >>= 1;
  31   1              SCLK = 1;
  32   1              SCLK = 0;
  33   1              
  34   1              IO = dat & 0x01;
  35   1              dat >>= 1;
  36   1              SCLK = 1;
  37   1              SCLK = 0;
  38   1              
  39   1              IO = dat & 0x01;
  40   1              dat >>= 1;
  41   1              SCLK = 1;
  42   1              SCLK = 0;
  43   1              
  44   1              IO = dat & 0x01;
  45   1              dat >>= 1;
  46   1              SCLK = 1;
  47   1              SCLK = 0;
  48   1              
  49   1              IO = dat & 0x01;
  50   1              dat >>= 1;
  51   1              SCLK = 1;
  52   1              SCLK = 0;
  53   1              
  54   1              IO = dat & 0x01;
C51 COMPILER V9.60.0.0   SPI                                                               12/10/2020 15:19:29 PAGE 2   

  55   1              dat >>= 1;
  56   1              SCLK = 1;
  57   1              SCLK = 0;
  58   1      }
  59          
  60          //unsigned char spi_read_byte()
  61          //{
  62          //      unsigned char ret = 0;
  63          //      unsigned char i;
  64          //      for (i = 0x01; i != 0; i <<= 1)
  65          //      {
  66          //              if(0 != IO)
  67          //              {
  68          //                      ret |= i;
  69          //              }
  70          //              SCLK = 1;
  71          //              SCLK = 0;
  72          //      }
  73          //      return ret;
  74          //}
  75          
  76          unsigned char spi_read_byte()
  77          {
  78   1              unsigned char ret = 0;
  79   1      
  80   1              ret |= (unsigned char)IO;
  81   1              SCLK = 1;
  82   1              SCLK = 0;
  83   1              
  84   1              ret |= ((unsigned char)IO << 1);
  85   1              SCLK = 1;
  86   1              SCLK = 0;
  87   1              
  88   1              ret |= ((unsigned char)IO << 2);
  89   1              SCLK = 1;
  90   1              SCLK = 0;
  91   1              
  92   1              ret |= ((unsigned char)IO << 3);
  93   1              SCLK = 1;
  94   1              SCLK = 0;
  95   1              
  96   1              ret |= ((unsigned char)IO << 4);
  97   1              SCLK = 1;
  98   1              SCLK = 0;
  99   1              
 100   1              ret |= ((unsigned char)IO << 5);
 101   1              SCLK = 1;
 102   1              SCLK = 0;
 103   1              
 104   1              ret |= ((unsigned char)IO << 6);
 105   1              SCLK = 1;
 106   1              SCLK = 0;
 107   1              
 108   1              ret |= ((unsigned char)IO << 7);
 109   1              SCLK = 1;
 110   1              SCLK = 0;
 111   1              
 112   1              return ret;
 113   1      }


MODULE INFORMATION:   STATIC OVERLAYABLE
C51 COMPILER V9.60.0.0   SPI                                                               12/10/2020 15:19:29 PAGE 3   

   CODE SIZE        =    194    ----
   CONSTANT SIZE    =   ----    ----
   XDATA SIZE       =   ----    ----
   PDATA SIZE       =   ----    ----
   DATA SIZE        =   ----    ----
   IDATA SIZE       =   ----    ----
   BIT SIZE         =   ----    ----
END OF MODULE INFORMATION.


C51 COMPILATION COMPLETE.  0 WARNING(S),  0 ERROR(S)
